Arguments: 
  /usr/bin/node /usr/bin/yarn add tailwindcss -D

PATH: 
  /home/izzat/.symfony/bin:/usr/local/sbin:/usr/local/bin:/usr/sbin:/usr/bin:/sbin:/bin:/usr/games:/usr/local/games:/snap/bin:/home/izzat/bin:/usr/lib/jvm/jdk-11.0.12/bin:/home/izzat/bin:/usr/lib/mvn/apache-maven-3.8.2/bin

Yarn version: 
  1.22.11

Node version: 
  16.9.1

Platform: 
  linux x64

Trace: 
  Error: getaddrinfo EAI_AGAIN registry.yarnpkg.com
      at GetAddrInfoReqWrap.onlookup [as oncomplete] (node:dns:71:26)

npm manifest: 
  {
    "name": "my-web",
    "version": "1.0.0",
    "main": "index.js",
    "license": "MIT"
  }

yarn manifest: 
  No manifest

Lockfile: 
  No lockfile
